<?xml version="1.0" encoding="UTF-8"?>
<!-- Generated by org.testng.reporters.JUnitXMLReporter -->
<testsuite hostname="L-PB2KH29" ignored="2" name="Default test" tests="1" failures="0" timestamp="23 Apr 2018 18:06:27 GMT" time="0.05" errors="0">
  <testcase name="subtract" time="0.02" classname="Handson_With_Sample.ReadDataFromFiles"/>
  <testcase name="fileread" time="0.0" classname="Handson_With_Sample.ReadDataFromFiles">
    <ignored/>
  </testcase> <!-- fileread -->
  <testcase name="FileReadTest" time="0.0" classname="Handson_With_Sample.ReadDataFromFiles">
    <ignored/>
  </testcase> <!-- FileReadTest -->
</testsuite> <!-- Default test -->
